<?xml version="1.0" encoding="UTF-8"?>
<!-- Generated by org.testng.reporters.JUnitXMLReporter -->
<testsuite ignored="1" hostname="shanks" failures="0" tests="1" name="Error Validations Test" time="17.852" errors="0" timestamp="2024-11-12T15:53:00 IST">
  <testcase classname="shanks.tests.ErrorValidationsTest" name="LoginErrorValidation" time="1.134"/>
  <testcase classname="shanks.tests.ErrorValidationsTest" name="ProductErrorValidation" time="0.0">
    <ignored/>
  </testcase> <!-- ProductErrorValidation -->
</testsuite> <!-- Error Validations Test -->
