<?xml version="1.0" encoding="UTF-8"?>
<testng-results ignored="0" total="1" passed="1" failed="0" skipped="0">
  <reporter-output>
  </reporter-output>
  <suite started-at="2024-11-12T15:52:42 IST" name="Suite" finished-at="2024-11-12T15:53:00 IST" duration-ms="17852">
    <groups>
      <group name="ErrorHandling">
        <method signature="ErrorValidationsTest.LoginErrorValidation()[pri:0, instance:shanks.tests.ErrorValidationsTest@3571b748]" name="LoginErrorValidation" class="shanks.tests.ErrorValidationsTest"/>
      </group> <!-- ErrorHandling -->
    </groups>
    <test started-at="2024-11-12T15:52:42 IST" name="Submit Order Test" finished-at="2024-11-12T15:52:42 IST" duration-ms="21">
    </test> <!-- Submit Order Test -->
    <test started-at="2024-11-12T15:52:42 IST" name="Error Validations Test" finished-at="2024-11-12T15:53:00 IST" duration-ms="17852">
      <class name="shanks.tests.ErrorValidationsTest">
        <test-method is-config="true" signature="launchApplication()[pri:0, instance:shanks.tests.ErrorValidationsTest@3571b748]" started-at="2024-11-12T15:52:42 IST" name="launchApplication" finished-at="2024-11-12T15:52:53 IST" duration-ms="10562" status="PASS">
          <reporter-output>
          </reporter-output>
        </test-method> <!-- launchApplication -->
        <test-method signature="LoginErrorValidation()[pri:0, instance:shanks.tests.ErrorValidationsTest@3571b748]" started-at="2024-11-12T15:52:53 IST" name="LoginErrorValidation" finished-at="2024-11-12T15:52:54 IST" duration-ms="1134" status="PASS">
          <reporter-output>
          </reporter-output>
        </test-method> <!-- LoginErrorValidation -->
        <test-method is-config="true" signature="tearDown()[pri:0, instance:shanks.tests.ErrorValidationsTest@3571b748]" started-at="2024-11-12T15:52:54 IST" name="tearDown" finished-at="2024-11-12T15:53:00 IST" duration-ms="6098" status="PASS">
          <reporter-output>
          </reporter-output>
        </test-method> <!-- tearDown -->
      </class> <!-- shanks.tests.ErrorValidationsTest -->
    </test> <!-- Error Validations Test -->
  </suite> <!-- Suite -->
</testng-results>
